<?xml version="1.0" encoding="UTF-8"?>
<!-- Generated by org.testng.reporters.JUnitXMLReporter -->
<testsuite hostname="NODLTP52039252" failures="0" tests="6" name="Test" time="0.07" errors="0" timestamp="23 Sep 2020 20:39:12 GMT">
  <testcase classname="handelingWindows.PracticeTestng" name="para" time="0.016"/>
  <testcase classname="handelingWindows.PracticeTestng" name="tc1" time="0.017"/>
  <testcase classname="handelingWindows.PracticeTestng" name="tc4" time="0.016"/>
  <testcase classname="handelingWindows.PracticeTestng" name="tc3" time="0.017"/>
  <testcase classname="handelingWindows.PracticeTestng" name="tc2" time="0.002"/>
  <testcase classname="handelingWindows.PracticeTestng" name="para" time="0.007"/>
</testsuite> <!-- Test -->
